<?xml version="1.0" encoding="UTF-8"?>
<!-- Generated by org.testng.reporters.JUnitReportReporter -->
<testsuite skipped="0" hostname="Sagar-PC" name="FIRST.Project.test1" tests="1" failures="0" timestamp="2021-07-20T15:06:48 PDT" time="0.032" errors="0">
  <testcase name="m2" time="0.032" classname="FIRST.Project.test1"/>
  <system-out/>
</testsuite> <!-- FIRST.Project.test1 -->
